0 info it worked if it ends with ok
1 verbose cli [ 'c:\\Program Files\\nodejs\\node.exe',
1 verbose cli   'c:\\Program Files\\nodejs\\node_modules\\npm\\bin\\npm-cli.js',
1 verbose cli   'install' ]
2 info using npm@1.4.28
3 info using node@v0.10.33
4 verbose readDependencies using package.json deps
5 verbose install where, deps [ 'c:\\Users\\Olzhas\\desktop\\projects\\scraping\\bloomberg',
5 verbose install   [ 'express',
5 verbose install     'body-parser',
5 verbose install     'cookie-parser',
5 verbose install     'morgan',
5 verbose install     'serve-favicon',
5 verbose install     'debug',
5 verbose install     'jade',
5 verbose install     'cherio' ] ]
6 info preinstall bloomberg@0.0.0
7 verbose readDependencies using package.json deps
8 verbose already installed skipping express@~4.9.0 c:\Users\Olzhas\desktop\projects\scraping\bloomberg
9 verbose already installed skipping body-parser@~1.8.1 c:\Users\Olzhas\desktop\projects\scraping\bloomberg
10 verbose already installed skipping cookie-parser@~1.3.3 c:\Users\Olzhas\desktop\projects\scraping\bloomberg
11 verbose already installed skipping morgan@~1.3.0 c:\Users\Olzhas\desktop\projects\scraping\bloomberg
12 verbose already installed skipping serve-favicon@~2.1.3 c:\Users\Olzhas\desktop\projects\scraping\bloomberg
13 verbose already installed skipping debug@~2.0.0 c:\Users\Olzhas\desktop\projects\scraping\bloomberg
14 verbose already installed skipping jade@~1.6.0 c:\Users\Olzhas\desktop\projects\scraping\bloomberg
15 verbose cache add [ 'cherio@latest', null ]
16 verbose cache add name=undefined spec="cherio@latest" args=["cherio@latest",null]
17 verbose parsed url { protocol: null,
17 verbose parsed url   slashes: null,
17 verbose parsed url   auth: null,
17 verbose parsed url   host: null,
17 verbose parsed url   port: null,
17 verbose parsed url   hostname: null,
17 verbose parsed url   hash: null,
17 verbose parsed url   search: null,
17 verbose parsed url   query: null,
17 verbose parsed url   pathname: 'cherio@latest',
17 verbose parsed url   path: 'cherio@latest',
17 verbose parsed url   href: 'cherio@latest' }
18 verbose cache add name="cherio" spec="latest" args=["cherio","latest"]
19 verbose parsed url { protocol: null,
19 verbose parsed url   slashes: null,
19 verbose parsed url   auth: null,
19 verbose parsed url   host: null,
19 verbose parsed url   port: null,
19 verbose parsed url   hostname: null,
19 verbose parsed url   hash: null,
19 verbose parsed url   search: null,
19 verbose parsed url   query: null,
19 verbose parsed url   pathname: 'latest',
19 verbose parsed url   path: 'latest',
19 verbose parsed url   href: 'latest' }
20 verbose addNamed [ 'cherio', 'latest' ]
21 verbose addNamed [ null, null ]
22 silly lockFile c5bb6d08-cherio-latest cherio@latest
23 verbose lock cherio@latest C:\Users\Olzhas\AppData\Roaming\npm-cache\c5bb6d08-cherio-latest.lock
24 info addNameTag [ 'cherio', 'latest' ]
25 verbose request where is /cherio
26 verbose request registry https://registry.npmjs.org/
27 verbose request id 9d823273fe460d9b
28 verbose url raw /cherio
29 verbose url resolving [ 'https://registry.npmjs.org/', './cherio' ]
30 verbose url resolved https://registry.npmjs.org/cherio
31 verbose request where is https://registry.npmjs.org/cherio
32 info trying registry request attempt 1 at 22:32:48
33 http GET https://registry.npmjs.org/cherio
34 http 404 https://registry.npmjs.org/cherio
35 verbose headers { date: 'Sun, 07 Dec 2014 03:32:46 GMT',
35 verbose headers   server: 'CouchDB/1.5.0 (Erlang OTP/R16B03)',
35 verbose headers   'content-type': 'application/json',
35 verbose headers   'cache-control': 'max-age=0',
35 verbose headers   'content-length': '52',
35 verbose headers   'accept-ranges': 'bytes',
35 verbose headers   via: '1.1 varnish',
35 verbose headers   age: '0',
35 verbose headers   'x-served-by': 'cache-jfk1023-JFK',
35 verbose headers   'x-cache': 'MISS',
35 verbose headers   'x-cache-hits': '0',
35 verbose headers   'x-timer': 'S1417923166.155734,VS0,VE16',
35 verbose headers   'keep-alive': 'timeout=10, max=50',
35 verbose headers   connection: 'Keep-Alive' }
36 silly registry.get cb [ 404,
36 silly registry.get   { date: 'Sun, 07 Dec 2014 03:32:46 GMT',
36 silly registry.get     server: 'CouchDB/1.5.0 (Erlang OTP/R16B03)',
36 silly registry.get     'content-type': 'application/json',
36 silly registry.get     'cache-control': 'max-age=0',
36 silly registry.get     'content-length': '52',
36 silly registry.get     'accept-ranges': 'bytes',
36 silly registry.get     via: '1.1 varnish',
36 silly registry.get     age: '0',
36 silly registry.get     'x-served-by': 'cache-jfk1023-JFK',
36 silly registry.get     'x-cache': 'MISS',
36 silly registry.get     'x-cache-hits': '0',
36 silly registry.get     'x-timer': 'S1417923166.155734,VS0,VE16',
36 silly registry.get     'keep-alive': 'timeout=10, max=50',
36 silly registry.get     connection: 'Keep-Alive' } ]
37 silly lockFile c5bb6d08-cherio-latest cherio@latest
38 silly lockFile c5bb6d08-cherio-latest cherio@latest
39 error 404 404 Not Found: cherio
39 error 404
39 error 404 'cherio' is not in the npm registry.
39 error 404 You should bug the author to publish it
39 error 404 It was specified as a dependency of 'bloomberg'
39 error 404
39 error 404 Note that you can also install from a
39 error 404 tarball, folder, or http url, or git url.
40 error System Windows_NT 6.2.9200
41 error command "c:\\Program Files\\nodejs\\node.exe" "c:\\Program Files\\nodejs\\node_modules\\npm\\bin\\npm-cli.js" "install"
42 error cwd c:\Users\Olzhas\desktop\projects\scraping\bloomberg
43 error node -v v0.10.33
44 error npm -v 1.4.28
45 error code E404
46 verbose exit [ 1, true ]
